This file contains any messages produced by compilers while
running configure, to aid debugging if configure makes a mistake.

It was created by FULL-PACKAGE-NAME configure VERSION, which was
generated by GNU Autoconf 2.61.  Invocation command line was

  $ ./configure --prefix=/usr/local --cache-file=/dev/null --srcdir=.

## --------- ##
## Platform. ##
## --------- ##

hostname = imamura-dev
uname -m = i686
uname -r = 2.6.18-5-686
uname -s = Linux
uname -v = #1 SMP Fri Jun 1 00:47:00 UTC 2007

/usr/bin/uname -p = unknown
/bin/uname -X     = unknown

/bin/arch              = unknown
/usr/bin/arch -k       = unknown
/usr/convex/getsysinfo = unknown
/usr/bin/hostinfo      = unknown
/bin/machine           = unknown
/usr/bin/oslevel       = unknown
/bin/universe          = unknown

PATH: /usr/lib/jvm/java-6-sun/bin
PATH: /usr/local/bin
PATH: /usr/bin
PATH: /bin
PATH: /usr/games
PATH: /usr/local/flex/bin
PATH: /usr/local/bin


## ----------- ##
## Core tests. ##
## ----------- ##

configure:1767: checking for g++
configure:1783: found /usr/bin/g++
configure:1794: result: g++
configure:1825: checking for C++ compiler version
configure:1832: g++ --version >&5
g++ (Debian 4.3.2-1.1) 4.3.2
Copyright (C) 2008 Free Software Foundation, Inc.
This is free software; see the source for copying conditions.  There is NO
warranty; not even for MERCHANTABILITY or FITNESS FOR A PARTICULAR PURPOSE.

configure:1835: $? = 0
configure:1842: g++ -v >&5
Using built-in specs.
Target: i486-linux-gnu
Configured with: ../src/configure -v --with-pkgversion='Debian 4.3.2-1.1' --with-bugurl=file:///usr/share/doc/gcc-4.3/README.Bugs --enable-languages=c,c++,fortran,objc,obj-c++ --prefix=/usr --enable-shared --with-system-zlib --libexecdir=/usr/lib --without-included-gettext --enable-threads=posix --enable-nls --with-gxx-include-dir=/usr/include/c++/4.3 --program-suffix=-4.3 --enable-clocale=gnu --enable-libstdcxx-debug --enable-objc-gc --enable-mpfr --enable-targets=all --enable-cld --enable-checking=release --build=i486-linux-gnu --host=i486-linux-gnu --target=i486-linux-gnu
Thread model: posix
gcc version 4.3.2 (Debian 4.3.2-1.1) 
configure:1845: $? = 0
configure:1852: g++ -V >&5
g++: '-V' option must have argument
configure:1855: $? = 1
configure:1878: checking for C++ compiler default output file name
configure:1905: g++    conftest.cpp  >&5
configure:1908: $? = 0
configure:1946: result: a.out
configure:1963: checking whether the C++ compiler works
configure:1973: ./a.out
configure:1976: $? = 0
configure:1993: result: yes
configure:2000: checking whether we are cross compiling
configure:2002: result: no
configure:2005: checking for suffix of executables
configure:2012: g++ -o conftest    conftest.cpp  >&5
configure:2015: $? = 0
configure:2039: result: 
configure:2045: checking for suffix of object files
configure:2071: g++ -c   conftest.cpp >&5
configure:2074: $? = 0
configure:2097: result: o
configure:2101: checking whether we are using the GNU C++ compiler
configure:2130: g++ -c   conftest.cpp >&5
configure:2136: $? = 0
configure:2153: result: yes
configure:2158: checking whether g++ accepts -g
configure:2188: g++ -c -g  conftest.cpp >&5
configure:2194: $? = 0
configure:2293: result: yes
configure:2364: checking for gcc
configure:2380: found /usr/bin/gcc
configure:2391: result: gcc
configure:2629: checking for C compiler version
configure:2636: gcc --version >&5
gcc (Debian 4.3.2-1.1) 4.3.2
Copyright (C) 2008 Free Software Foundation, Inc.
This is free software; see the source for copying conditions.  There is NO
warranty; not even for MERCHANTABILITY or FITNESS FOR A PARTICULAR PURPOSE.

configure:2639: $? = 0
configure:2646: gcc -v >&5
Using built-in specs.
Target: i486-linux-gnu
Configured with: ../src/configure -v --with-pkgversion='Debian 4.3.2-1.1' --with-bugurl=file:///usr/share/doc/gcc-4.3/README.Bugs --enable-languages=c,c++,fortran,objc,obj-c++ --prefix=/usr --enable-shared --with-system-zlib --libexecdir=/usr/lib --without-included-gettext --enable-threads=posix --enable-nls --with-gxx-include-dir=/usr/include/c++/4.3 --program-suffix=-4.3 --enable-clocale=gnu --enable-libstdcxx-debug --enable-objc-gc --enable-mpfr --enable-targets=all --enable-cld --enable-checking=release --build=i486-linux-gnu --host=i486-linux-gnu --target=i486-linux-gnu
Thread model: posix
gcc version 4.3.2 (Debian 4.3.2-1.1) 
configure:2649: $? = 0
configure:2656: gcc -V >&5
gcc: '-V' option must have argument
configure:2659: $? = 1
configure:2662: checking whether we are using the GNU C compiler
configure:2691: gcc -c   conftest.c >&5
configure:2697: $? = 0
configure:2714: result: yes
configure:2719: checking whether gcc accepts -g
configure:2749: gcc -c -g  conftest.c >&5
configure:2755: $? = 0
configure:2854: result: yes
configure:2871: checking for gcc option to accept ISO C89
configure:2945: gcc  -c -g -O2  conftest.c >&5
configure:2951: $? = 0
configure:2974: result: none needed
configure:2992: checking whether ln -s works
configure:2996: result: yes
configure:3046: checking for ranlib
configure:3062: found /usr/bin/ranlib
configure:3073: result: ranlib
configure:3143: checking for a BSD-compatible install
configure:3199: result: /usr/bin/install -c
configure:3220: checking how to run the C preprocessor
configure:3260: gcc -E  conftest.c
configure:3266: $? = 0
configure:3297: gcc -E  conftest.c
conftest.c:8:28: error: ac_nonexistent.h: No such file or directory
configure:3303: $? = 1
configure: failed program was:
| /* confdefs.h.  */
| #define PACKAGE_NAME "FULL-PACKAGE-NAME"
| #define PACKAGE_TARNAME "full-package-name"
| #define PACKAGE_VERSION "VERSION"
| #define PACKAGE_STRING "FULL-PACKAGE-NAME VERSION"
| #define PACKAGE_BUGREPORT "BUG-REPORT-ADDRESS"
| /* end confdefs.h.  */
| #include <ac_nonexistent.h>
configure:3336: result: gcc -E
configure:3365: gcc -E  conftest.c
configure:3371: $? = 0
configure:3402: gcc -E  conftest.c
conftest.c:8:28: error: ac_nonexistent.h: No such file or directory
configure:3408: $? = 1
configure: failed program was:
| /* confdefs.h.  */
| #define PACKAGE_NAME "FULL-PACKAGE-NAME"
| #define PACKAGE_TARNAME "full-package-name"
| #define PACKAGE_VERSION "VERSION"
| #define PACKAGE_STRING "FULL-PACKAGE-NAME VERSION"
| #define PACKAGE_BUGREPORT "BUG-REPORT-ADDRESS"
| /* end confdefs.h.  */
| #include <ac_nonexistent.h>
configure:3446: checking for grep that handles long lines and -e
configure:3520: result: /bin/grep
configure:3525: checking for egrep
configure:3603: result: /bin/grep -E
configure:3608: checking for ANSI C header files
configure:3638: gcc -c -g -O2  conftest.c >&5
configure:3644: $? = 0
configure:3743: gcc -o conftest -g -O2   conftest.c  >&5
configure:3746: $? = 0
configure:3752: ./conftest
configure:3755: $? = 0
configure:3772: result: yes
configure:3796: checking for sys/types.h
configure:3817: gcc -c -g -O2  conftest.c >&5
configure:3823: $? = 0
configure:3839: result: yes
configure:3796: checking for sys/stat.h
configure:3817: gcc -c -g -O2  conftest.c >&5
configure:3823: $? = 0
configure:3839: result: yes
configure:3796: checking for stdlib.h
configure:3817: gcc -c -g -O2  conftest.c >&5
configure:3823: $? = 0
configure:3839: result: yes
configure:3796: checking for string.h
configure:3817: gcc -c -g -O2  conftest.c >&5
configure:3823: $? = 0
configure:3839: result: yes
configure:3796: checking for memory.h
configure:3817: gcc -c -g -O2  conftest.c >&5
configure:3823: $? = 0
configure:3839: result: yes
configure:3796: checking for strings.h
configure:3817: gcc -c -g -O2  conftest.c >&5
configure:3823: $? = 0
configure:3839: result: yes
configure:3796: checking for inttypes.h
configure:3817: gcc -c -g -O2  conftest.c >&5
configure:3823: $? = 0
configure:3839: result: yes
configure:3796: checking for stdint.h
configure:3817: gcc -c -g -O2  conftest.c >&5
configure:3823: $? = 0
configure:3839: result: yes
configure:3796: checking for unistd.h
configure:3817: gcc -c -g -O2  conftest.c >&5
configure:3823: $? = 0
configure:3839: result: yes
configure:3857: checking for stdlib.h
configure:3863: result: yes
configure:3857: checking for string.h
configure:3863: result: yes
configure:3999: checking for stdbool.h that conforms to C99
configure:4092: gcc -c -g -O2  conftest.c >&5
configure:4098: $? = 0
configure:4113: result: yes
configure:4115: checking for _Bool
configure:4145: gcc -c -g -O2  conftest.c >&5
configure:4151: $? = 0
configure:4166: result: yes
configure:4185: checking for an ANSI C-conforming const
configure:4260: gcc -c -g -O2  conftest.c >&5
configure:4266: $? = 0
configure:4281: result: yes
configure:4421: creating ./config.status

## ---------------------- ##
## Running config.status. ##
## ---------------------- ##

This file was extended by FULL-PACKAGE-NAME config.status VERSION, which was
generated by GNU Autoconf 2.61.  Invocation command line was

  CONFIG_FILES    = 
  CONFIG_HEADERS  = 
  CONFIG_LINKS    = 
  CONFIG_COMMANDS = 
  $ ./config.status 

on imamura-dev

config.status:601: creating Makefile
config.status:601: creating config.h

## ---------------- ##
## Cache variables. ##
## ---------------- ##

ac_cv_c_compiler_gnu=yes
ac_cv_c_const=yes
ac_cv_cxx_compiler_gnu=yes
ac_cv_env_CCC_set=
ac_cv_env_CCC_value=
ac_cv_env_CC_set=
ac_cv_env_CC_value=
ac_cv_env_CFLAGS_set=
ac_cv_env_CFLAGS_value=
ac_cv_env_CPPFLAGS_set=
ac_cv_env_CPPFLAGS_value=
ac_cv_env_CPP_set=
ac_cv_env_CPP_value=
ac_cv_env_CXXFLAGS_set=
ac_cv_env_CXXFLAGS_value=
ac_cv_env_CXX_set=
ac_cv_env_CXX_value=
ac_cv_env_LDFLAGS_set=
ac_cv_env_LDFLAGS_value=
ac_cv_env_LIBS_set=
ac_cv_env_LIBS_value=
ac_cv_env_build_alias_set=
ac_cv_env_build_alias_value=
ac_cv_env_host_alias_set=
ac_cv_env_host_alias_value=
ac_cv_env_target_alias_set=
ac_cv_env_target_alias_value=
ac_cv_header_inttypes_h=yes
ac_cv_header_memory_h=yes
ac_cv_header_stdbool_h=yes
ac_cv_header_stdc=yes
ac_cv_header_stdint_h=yes
ac_cv_header_stdlib_h=yes
ac_cv_header_string_h=yes
ac_cv_header_strings_h=yes
ac_cv_header_sys_stat_h=yes
ac_cv_header_sys_types_h=yes
ac_cv_header_unistd_h=yes
ac_cv_objext=o
ac_cv_path_EGREP='/bin/grep -E'
ac_cv_path_GREP=/bin/grep
ac_cv_path_install='/usr/bin/install -c'
ac_cv_prog_CPP='gcc -E'
ac_cv_prog_ac_ct_CC=gcc
ac_cv_prog_ac_ct_CXX=g++
ac_cv_prog_ac_ct_RANLIB=ranlib
ac_cv_prog_cc_c89=
ac_cv_prog_cc_g=yes
ac_cv_prog_cxx_g=yes
ac_cv_type__Bool=yes

## ----------------- ##
## Output variables. ##
## ----------------- ##

CC='gcc'
CFLAGS='-g -O2'
CPP='gcc -E'
CPPFLAGS=''
CXX='g++'
CXXFLAGS='-g -O2'
DEFS='-DHAVE_CONFIG_H'
ECHO_C=''
ECHO_N='-n'
ECHO_T=''
EGREP='/bin/grep -E'
EXEEXT=''
GREP='/bin/grep'
INSTALL_DATA='${INSTALL} -m 644'
INSTALL_PROGRAM='${INSTALL}'
INSTALL_SCRIPT='${INSTALL}'
LDFLAGS=''
LIBOBJS=''
LIBS=''
LN_S='ln -s'
LTLIBOBJS=''
OBJEXT='o'
PACKAGE_BUGREPORT='BUG-REPORT-ADDRESS'
PACKAGE_NAME='FULL-PACKAGE-NAME'
PACKAGE_STRING='FULL-PACKAGE-NAME VERSION'
PACKAGE_TARNAME='full-package-name'
PACKAGE_VERSION='VERSION'
PATH_SEPARATOR=':'
RANLIB='ranlib'
SHELL='/bin/sh'
SYSTEM='linux'
ac_ct_CC='gcc'
ac_ct_CXX='g++'
bindir='${exec_prefix}/bin'
build_alias=''
datadir='${datarootdir}'
datarootdir='${prefix}/share'
docdir='${datarootdir}/doc/${PACKAGE_TARNAME}'
dvidir='${docdir}'
exec_prefix='${prefix}'
host_alias=''
htmldir='${docdir}'
includedir='${prefix}/include'
infodir='${datarootdir}/info'
libdir='${exec_prefix}/lib'
libexecdir='${exec_prefix}/libexec'
localedir='${datarootdir}/locale'
localstatedir='${prefix}/var'
mandir='${datarootdir}/man'
oldincludedir='/usr/include'
pdfdir='${docdir}'
prefix='/usr/local'
program_transform_name='s,x,x,'
psdir='${docdir}'
sbindir='${exec_prefix}/sbin'
sharedstatedir='${prefix}/com'
sysconfdir='${prefix}/etc'
target_alias=''

## ----------- ##
## confdefs.h. ##
## ----------- ##

#define PACKAGE_NAME "FULL-PACKAGE-NAME"
#define PACKAGE_TARNAME "full-package-name"
#define PACKAGE_VERSION "VERSION"
#define PACKAGE_STRING "FULL-PACKAGE-NAME VERSION"
#define PACKAGE_BUGREPORT "BUG-REPORT-ADDRESS"
#define STDC_HEADERS 1
#define HAVE_SYS_TYPES_H 1
#define HAVE_SYS_STAT_H 1
#define HAVE_STDLIB_H 1
#define HAVE_STRING_H 1
#define HAVE_MEMORY_H 1
#define HAVE_STRINGS_H 1
#define HAVE_INTTYPES_H 1
#define HAVE_STDINT_H 1
#define HAVE_UNISTD_H 1
#define HAVE_STDLIB_H 1
#define HAVE_STRING_H 1
#define HAVE__BOOL 1
#define HAVE_STDBOOL_H 1

configure: exit 0
